<?xml version="1.0" encoding="UTF-8"?>
<!-- Generated by org.testng.reporters.JUnitXMLReporter -->
<testsuite hostname="LAPTOP-MPMD7L63" ignored="0" name="Test-method test" tests="1" failures="0" timestamp="10 May 2019 05:54:10 GMT" time="27.271" errors="0">
  <testcase name="testUntitled" time="2.297" classname="com.Selenium.Automation.Eribank_Login"/>
</testsuite> <!-- Test-method test -->
