<?xml version="1.0" encoding="UTF-8"?>
<!-- Generated by org.testng.reporters.JUnitReportReporter -->
<testsuite skipped="1" hostname="LAPTOP-MPMD7L63" name="facebook" tests="2" failures="0" timestamp="24 Nov 2018 21:38:01 GMT" time="22.459" errors="0">
  <testcase name="SignIn" time="22.459" classname="facebook"/>
  <testcase name="testPageTitle" classname="facebook">
    <skipped/>
  </testcase> <!-- testPageTitle -->
</testsuite> <!-- facebook -->
