<?xml version="1.0" encoding="UTF-8"?>
<!-- Generated by org.testng.reporters.JUnitReportReporter -->
<testsuite skipped="0" hostname="LAPTOP-MPMD7L63" name="DataProviderClass" tests="2" failures="0" timestamp="25 Nov 2018 02:30:42 GMT" time="37.117" errors="0">
  <testcase name="facebookTest" time="22.420" classname="DataProviderClass"/>
  <testcase name="facebookTest" time="14.697" classname="DataProviderClass"/>
</testsuite> <!-- DataProviderClass -->
