<?xml version="1.0" encoding="UTF-8"?>
<!-- Generated by org.testng.reporters.JUnitReportReporter -->
<testsuite skipped="0" hostname="LAPTOP-MPMD7L63" name="com.Selenium.Automation.Annamm_Login_SmokeTest" tests="1" failures="0" timestamp="23 May 2019 02:33:58 GMT" time="20.085" errors="0">
  <testcase name="testUntitled" time="20.085" classname="com.Selenium.Automation.Annamm_Login_SmokeTest"/>
</testsuite> <!-- com.Selenium.Automation.Annamm_Login_SmokeTest -->
