<?xml version="1.0" encoding="UTF-8"?>
<!-- Generated by org.testng.reporters.JUnitReportReporter -->
<testsuite skipped="0" hostname="LAPTOP-MPMD7L63" name="Cars" tests="3" failures="0" timestamp="24 Nov 2018 04:41:48 GMT" time="40.754" errors="0">
  <testcase name="verifyPageTitle" time="11.439" classname="Cars"/>
  <testcase name="Testcars" time="10.432" classname="Cars"/>
  <testcase name="SearchPreOwnedCars" time="18.883" classname="Cars"/>
</testsuite> <!-- Cars -->
