<?xml version="1.0" encoding="UTF-8"?>
<!-- Generated by org.testng.reporters.JUnitReportReporter -->
<testsuite skipped="0" hostname="LAPTOP-MPMD7L63" name="Saucelabs" tests="2" failures="0" timestamp="02 Dec 2018 21:13:14 GMT" time="58.648" errors="0">
  <testcase name="BestBuy_VerifyTitle_Test" time="12.080" classname="Saucelabs"/>
  <testcase name="BestBuy_Search_Test" time="46.568" classname="Saucelabs"/>
</testsuite> <!-- Saucelabs -->
