<?xml version="1.0" encoding="UTF-8"?>
<!-- Generated by org.testng.reporters.JUnitReportReporter -->
<testsuite skipped="1" hostname="LAPTOP-MPMD7L63" name="BestBuySauceLabsPOM" tests="2" failures="0" timestamp="02 Dec 2018 21:49:33 GMT" time="55.396" errors="0">
  <testcase name="BestBuy_Search_Test" time="55.396" classname="BestBuySauceLabsPOM"/>
  <testcase name="BestBuy_VerifyTitle_Test" classname="BestBuySauceLabsPOM">
    <skipped/>
  </testcase> <!-- BestBuy_VerifyTitle_Test -->
</testsuite> <!-- BestBuySauceLabsPOM -->
