<?xml version="1.0" encoding="UTF-8"?>
<!-- Generated by org.testng.reporters.JUnitReportReporter -->
<testsuite skipped="0" hostname="LAPTOP-MPMD7L63" name="BestBuyPOM" tests="1" failures="0" timestamp="03 Dec 2018 03:56:44 GMT" time="25.660" errors="0">
  <testcase name="SearchTest" time="25.660" classname="BestBuyPOM"/>
</testsuite> <!-- BestBuyPOM -->
