<?xml version="1.0" encoding="UTF-8"?>
<!-- Generated by org.testng.reporters.JUnitReportReporter -->
<testsuite skipped="0" hostname="LAPTOP-MPMD7L63" name="com.Selenium.Automation.Eribank_Login" tests="1" failures="0" timestamp="10 May 2019 05:54:10 GMT" time="27.232" errors="0">
  <testcase name="testUntitled" time="27.232" classname="com.Selenium.Automation.Eribank_Login"/>
</testsuite> <!-- com.Selenium.Automation.Eribank_Login -->
